d:\programming\vsprojects\proddbbackup\proddbbackup\debug\vc141.pdb
d:\programming\vsprojects\proddbbackup\proddbbackup\debug\vc141.idb
d:\programming\vsprojects\proddbbackup\proddbbackup\debug\zutil.obj
d:\programming\vsprojects\proddbbackup\proddbbackup\debug\zip.obj
d:\programming\vsprojects\proddbbackup\proddbbackup\debug\trees.obj
d:\programming\vsprojects\proddbbackup\proddbbackup\debug\threadfunctions.obj
d:\programming\vsprojects\proddbbackup\proddbbackup\debug\stringconvert.obj
d:\programming\vsprojects\proddbbackup\proddbbackup\debug\proddbbackup.obj
d:\programming\vsprojects\proddbbackup\proddbbackup\debug\parsecmdline.obj
d:\programming\vsprojects\proddbbackup\proddbbackup\debug\orafunctions.obj
d:\programming\vsprojects\proddbbackup\proddbbackup\debug\iowin32.obj
d:\programming\vsprojects\proddbbackup\proddbbackup\debug\ioapi.obj
d:\programming\vsprojects\proddbbackup\proddbbackup\debug\deflate.obj
d:\programming\vsprojects\proddbbackup\proddbbackup\debug\crc32.obj
d:\programming\vsprojects\proddbbackup\proddbbackup\debug\adler32.obj
d:\programming\vsprojects\proddbbackup\debug\proddbbackup.ilk
d:\programming\vsprojects\proddbbackup\debug\proddbbackup.exe
d:\programming\vsprojects\proddbbackup\debug\proddbbackup.pdb
d:\programming\vsprojects\proddbbackup\proddbbackup\debug\proddbbackup.tlog\cl.command.1.tlog
d:\programming\vsprojects\proddbbackup\proddbbackup\debug\proddbbackup.tlog\cl.read.1.tlog
d:\programming\vsprojects\proddbbackup\proddbbackup\debug\proddbbackup.tlog\cl.write.1.tlog
d:\programming\vsprojects\proddbbackup\proddbbackup\debug\proddbbackup.tlog\link.command.1.tlog
d:\programming\vsprojects\proddbbackup\proddbbackup\debug\proddbbackup.tlog\link.read.1.tlog
d:\programming\vsprojects\proddbbackup\proddbbackup\debug\proddbbackup.tlog\link.write.1.tlog
