d:\programming\vsprojects\proddbbackup\proddbbackup\release\vc141.pdb
d:\programming\vsprojects\proddbbackup\proddbbackup\release\zutil.obj
d:\programming\vsprojects\proddbbackup\proddbbackup\release\zip.obj
d:\programming\vsprojects\proddbbackup\proddbbackup\release\trees.obj
d:\programming\vsprojects\proddbbackup\proddbbackup\release\threadfunctions.obj
d:\programming\vsprojects\proddbbackup\proddbbackup\release\stringconvert.obj
d:\programming\vsprojects\proddbbackup\proddbbackup\release\proddbbackup.obj
d:\programming\vsprojects\proddbbackup\proddbbackup\release\parsecmdline.obj
d:\programming\vsprojects\proddbbackup\proddbbackup\release\orafunctions.obj
d:\programming\vsprojects\proddbbackup\proddbbackup\release\iowin32.obj
d:\programming\vsprojects\proddbbackup\proddbbackup\release\ioapi.obj
d:\programming\vsprojects\proddbbackup\proddbbackup\release\deflate.obj
d:\programming\vsprojects\proddbbackup\proddbbackup\release\crc32.obj
d:\programming\vsprojects\proddbbackup\proddbbackup\release\adler32.obj
d:\programming\vsprojects\proddbbackup\release\proddbbackup.exe
d:\programming\vsprojects\proddbbackup\release\proddbbackup.pdb
d:\programming\vsprojects\proddbbackup\release\proddbbackup.ipdb
d:\programming\vsprojects\proddbbackup\release\proddbbackup.iobj
d:\programming\vsprojects\proddbbackup\proddbbackup\release\proddbbackup.tlog\cl.command.1.tlog
d:\programming\vsprojects\proddbbackup\proddbbackup\release\proddbbackup.tlog\cl.read.1.tlog
d:\programming\vsprojects\proddbbackup\proddbbackup\release\proddbbackup.tlog\cl.write.1.tlog
d:\programming\vsprojects\proddbbackup\proddbbackup\release\proddbbackup.tlog\link.command.1.tlog
d:\programming\vsprojects\proddbbackup\proddbbackup\release\proddbbackup.tlog\link.read.1.tlog
d:\programming\vsprojects\proddbbackup\proddbbackup\release\proddbbackup.tlog\link.write.1.tlog
d:\programming\vsprojects\proddbbackup\proddbbackup\release\proddbbackup.tlog\proddbbackup.write.1u.tlog
